{"sender": "60303ae22b998861bce3b28f33eec1be758a213c86c93c076dbe9f558c11c752", "recipient": "9f86d081884c7d659a2feaa0c55ad015a3bf4f1b2b0b822cd15d6c15b0f00a08", "amount": 500.0}
{"sender": "0", "recipient": "102475f8bd1e2187ace224b61081a9ecb0866026c27dbbf72138dc2613697949", "amount": 1}
{"sender": "9f86d081884c7d659a2feaa0c55ad015a3bf4f1b2b0b822cd15d6c15b0f00a08", "recipient": "60303ae22b998861bce3b28f33eec1be758a213c86c93c076dbe9f558c11c752", "amount": 200.0}
{"sender": "9f86d081884c7d659a2feaa0c55ad015a3bf4f1b2b0b822cd15d6c15b0f00a08", "recipient": "60303ae22b998861bce3b28f33eec1be758a213c86c93c076dbe9f558c11c752", "amount": 100.0}
{"sender": "9f86d081884c7d659a2feaa0c55ad015a3bf4f1b2b0b822cd15d6c15b0f00a08", "recipient": "60303ae22b998861bce3b28f33eec1be758a213c86c93c076dbe9f558c11c752", "amount": 100.0}
{"sender": "9f86d081884c7d659a2feaa0c55ad015a3bf4f1b2b0b822cd15d6c15b0f00a08", "recipient": "60303ae22b998861bce3b28f33eec1be758a213c86c93c076dbe9f558c11c752", "amount": 100.0}
{"sender": "9f86d081884c7d659a2feaa0c55ad015a3bf4f1b2b0b822cd15d6c15b0f00a08", "recipient": "60303ae22b998861bce3b28f33eec1be758a213c86c93c076dbe9f558c11c752", "amount": 1000.0}
{"sender": "60303ae22b998861bce3b28f33eec1be758a213c86c93c076dbe9f558c11c752", "recipient": "9f86d081884c7d659a2feaa0c55ad015a3bf4f1b2b0b822cd15d6c15b0f00a08", "amount": 1000.0}
{"sender": "0", "recipient": "d6c45f7c206ebda21cf4671170d8fb57666775ee9006c160dfef444509621c5b", "amount": 1}
{"sender": "0", "recipient": "d6c45f7c206ebda21cf4671170d8fb57666775ee9006c160dfef444509621c5b", "amount": 1}
{"sender": "9f86d081884c7d659a2feaa0c55ad015a3bf4f1b2b0b822cd15d6c15b0f00a08", "recipient": "60303ae22b998861bce3b28f33eec1be758a213c86c93c076dbe9f558c11c752", "amount": 1000.0}
{"sender": "0", "recipient": "d6c45f7c206ebda21cf4671170d8fb57666775ee9006c160dfef444509621c5b", "amount": 1}
{"sender": "60303ae22b998861bce3b28f33eec1be758a213c86c93c076dbe9f558c11c752", "recipient": "9f86d081884c7d659a2feaa0c55ad015a3bf4f1b2b0b822cd15d6c15b0f00a08", "amount": 1000.0}
{"sender": "9f86d081884c7d659a2feaa0c55ad015a3bf4f1b2b0b822cd15d6c15b0f00a08", "recipient": "60303ae22b998861bce3b28f33eec1be758a213c86c93c076dbe9f558c11c752", "amount": 1000.0}
{"sender": "0", "recipient": "d6c45f7c206ebda21cf4671170d8fb57666775ee9006c160dfef444509621c5b", "amount": 1}
{"sender": "60303ae22b998861bce3b28f33eec1be758a213c86c93c076dbe9f558c11c752", "recipient": "9f86d081884c7d659a2feaa0c55ad015a3bf4f1b2b0b822cd15d6c15b0f00a08", "amount": 1000.0}
{"sender": "9f86d081884c7d659a2feaa0c55ad015a3bf4f1b2b0b822cd15d6c15b0f00a08", "recipient": "60303ae22b998861bce3b28f33eec1be758a213c86c93c076dbe9f558c11c752", "amount": 1000.0}
{"sender": "0", "recipient": "ff29d7b6634bd80cdd53eecf9e23ce5e46bc6bfede75b356aff6ecac034f4b9f", "amount": 1}
{"sender": "9f86d081884c7d659a2feaa0c55ad015a3bf4f1b2b0b822cd15d6c15b0f00a08", "recipient": "60303ae22b998861bce3b28f33eec1be758a213c86c93c076dbe9f558c11c752", "amount": 1000.0, "sender_plain": "test", "recipient_plain": "test2"}
{"sender": "60303ae22b998861bce3b28f33eec1be758a213c86c93c076dbe9f558c11c752", "recipient": "9f86d081884c7d659a2feaa0c55ad015a3bf4f1b2b0b822cd15d6c15b0f00a08", "amount": 1000.0, "sender_plain": "test2", "recipient_plain": "test"}
{"sender": "9f86d081884c7d659a2feaa0c55ad015a3bf4f1b2b0b822cd15d6c15b0f00a08", "recipient": "60303ae22b998861bce3b28f33eec1be758a213c86c93c076dbe9f558c11c752", "amount": 1000.0, "sender_plain": "test", "recipient_plain": "test2"}
{"sender": "0", "recipient": "dcfa5c2ec05a3ef39bd68c079661dc60883d58fade9964ca5d5bb31c8f852617", "amount": 1, "sender_plain": "0", "recipient_plain": "a63f1967afb34b79bf4237c4ee20b68b"}
{"sender": "0", "recipient": "dcfa5c2ec05a3ef39bd68c079661dc60883d58fade9964ca5d5bb31c8f852617", "amount": 1, "sender_plain": "0", "recipient_plain": "a63f1967afb34b79bf4237c4ee20b68b"}
